<?xml version="1.0" encoding="utf-8"?><testsuites name="pytest tests"><testsuite name="pytest" errors="0" failures="0" skipped="0" tests="11" time="1.992" timestamp="2026-07-11T02:18:42.933966+00:00" hostname="agent-env-cc316770-ead5-4708-863f-acac0823bf5a"><testcase classname="backend.tests.test_quotation_api.TestHealth" name="test_root" time="0.233" /><testcase classname="backend.tests.test_quotation_api.TestCategories" name="test_default_categories_present" time="0.053" /><testcase classname="backend.tests.test_quotation_api.TestCategories" name="test_create_new_category" time="0.124" /><testcase classname="backend.tests.test_quotation_api.TestAuth" name="test_requester_register" time="0.046" /><testcase classname="backend.tests.test_quotation_api.TestAuth" name="test_admin_register_login_flow" time="0.617" /><testcase classname="backend.tests.test_quotation_api.TestAuth" name="test_admin_login_wrong_credentials" time="0.041" /><testcase classname="backend.tests.test_quotation_api.TestAuth" name="test_admin_login_wrong_passcode" time="0.265" /><testcase classname="backend.tests.test_quotation_api.TestCatalog" name="test_full_crud" time="0.302" /><testcase classname="backend.tests.test_quotation_api.TestCatalog" name="test_import_from_csv" time="0.082" /><testcase classname="backend.tests.test_quotation_api.TestMoneyConfig" name="test_get_auto_provisions" time="0.041" /><testcase classname="backend.tests.test_quotation_api.TestMoneyConfig" name="test_update_money_config" time="0.127" /></testsuite></testsuites>